# JRE version: OpenJDK Runtime Environment (8.0_131-b11) (build 1.8.0_131-8u131-b11-2ubuntu1.17.04.3-b11)
# Java VM: OpenJDK 64-Bit Server VM (25.131-b11 mixed mode linux-amd64 compressed oops)
Heap:
 PSYoungGen      total 26624K, used 2048K [0x00000000f0580000, 0x00000000f2180000, 0x0000000100000000)
  eden space 24576K, 0% used [0x00000000f0580000,0x00000000f0580000,0x00000000f1d80000)
  from space 2048K, 100% used [0x00000000f1d80000,0x00000000f1f80000,0x00000000f1f80000)
  to   space 2048K, 0% used [0x00000000f1f80000,0x00000000f1f80000,0x00000000f2180000)
 ParOldGen       total 32768K, used 3782K [0x00000000d1000000, 0x00000000d3000000, 0x00000000f0580000)
  object space 32768K, 11% used [0x00000000d1000000,0x00000000d13b19e8,0x00000000d3000000)
 Metaspace       used 9734K, capacity 9940K, committed 9984K, reserved 1058816K
  class space    used 1172K, capacity 1245K, committed 1280K, reserved 1048576K
GC Heap History (5 events):
Event: 0,913 GC heap before
{Heap before GC invocations=1 (full 0):
 PSYoungGen      total 14336K, used 12288K [0x00000000f0580000, 0x00000000f1580000, 0x0000000100000000)
  eden space 12288K, 100% used [0x00000000f0580000,0x00000000f1180000,0x00000000f1180000)
  from space 2048K, 0% used [0x00000000f1380000,0x00000000f1380000,0x00000000f1580000)
  to   space 2048K, 0% used [0x00000000f1180000,0x00000000f1180000,0x00000000f1380000)
 ParOldGen       total 32768K, used 0K [0x00000000d1000000, 0x00000000d3000000, 0x00000000f0580000)
  object space 32768K, 0% used [0x00000000d1000000,0x00000000d1000000,0x00000000d3000000)
 Metaspace       used 6109K, capacity 6188K, committed 6400K, reserved 1056768K
  class space    used 691K, capacity 728K, committed 768K, reserved 1048576K
Event: 0,959 GC heap after
Heap after GC invocations=1 (full 0):
 PSYoungGen      total 14336K, used 2028K [0x00000000f0580000, 0x00000000f2180000, 0x0000000100000000)
  eden space 12288K, 0% used [0x00000000f0580000,0x00000000f0580000,0x00000000f1180000)
  from space 2048K, 99% used [0x00000000f1180000,0x00000000f137b320,0x00000000f1380000)
  to   space 2048K, 0% used [0x00000000f1f80000,0x00000000f1f80000,0x00000000f2180000)
 ParOldGen       total 32768K, used 627K [0x00000000d1000000, 0x00000000d3000000, 0x00000000f0580000)
  object space 32768K, 1% used [0x00000000d1000000,0x00000000d109cdd0,0x00000000d3000000)
 Metaspace       used 6109K, capacity 6188K, committed 6400K, reserved 1056768K
  class space    used 691K, capacity 728K, committed 768K, reserved 1048576K
}
Event: 1,321 GC heap before
{Heap before GC invocations=2 (full 0):
 PSYoungGen      total 14336K, used 14316K [0x00000000f0580000, 0x00000000f2180000, 0x0000000100000000)
  eden space 12288K, 100% used [0x00000000f0580000,0x00000000f1180000,0x00000000f1180000)
  from space 2048K, 99% used [0x00000000f1180000,0x00000000f137b320,0x00000000f1380000)
  to   space 2048K, 0% used [0x00000000f1f80000,0x00000000f1f80000,0x00000000f2180000)
 ParOldGen       total 32768K, used 627K [0x00000000d1000000, 0x00000000d3000000, 0x00000000f0580000)
  object space 32768K, 1% used [0x00000000d1000000,0x00000000d109cdd0,0x00000000d3000000)
 Metaspace       used 7607K, capacity 7804K, committed 7936K, reserved 1056768K
  class space    used 918K, capacity 984K, committed 1024K, reserved 1048576K
Event: 1,333 GC heap after
Heap after GC invocations=2 (full 0):
 PSYoungGen      total 26624K, used 2022K [0x00000000f0580000, 0x00000000f2180000, 0x0000000100000000)
  eden space 24576K, 0% used [0x00000000f0580000,0x00000000f0580000,0x00000000f1d80000)
  from space 2048K, 98% used [0x00000000f1f80000,0x00000000f2179aa0,0x00000000f2180000)
  to   space 2048K, 0% used [0x00000000f1d80000,0x00000000f1d80000,0x00000000f1f80000)
 ParOldGen       total 32768K, used 1325K [0x00000000d1000000, 0x00000000d3000000, 0x00000000f0580000)
  object space 32768K, 4% used [0x00000000d1000000,0x00000000d114b608,0x00000000d3000000)
 Metaspace       used 7607K, capacity 7804K, committed 7936K, reserved 1056768K
  class space    used 918K, capacity 984K, committed 1024K, reserved 1048576K
}
Event: 2,985 GC heap before
{Heap before GC invocations=3 (full 0):
 PSYoungGen      total 26624K, used 26598K [0x00000000f0580000, 0x00000000f2180000, 0x0000000100000000)
  eden space 24576K, 100% used [0x00000000f0580000,0x00000000f1d80000,0x00000000f1d80000)
  from space 2048K, 98% used [0x00000000f1f80000,0x00000000f2179aa0,0x00000000f2180000)
  to   space 2048K, 0% used [0x00000000f1d80000,0x00000000f1d80000,0x00000000f1f80000)
 ParOldGen       total 32768K, used 1325K [0x00000000d1000000, 0x00000000d3000000, 0x00000000f0580000)
  object space 32768K, 4% used [0x00000000d1000000,0x00000000d114b608,0x00000000d3000000)
 Metaspace       used 9734K, capacity 9940K, committed 9984K, reserved 1058816K
  class space    used 1172K, capacity 1245K, committed 1280K, reserved 1048576K

