# JRE version: OpenJDK Runtime Environment (8.0_131-b11) (build 1.8.0_131-8u131-b11-2ubuntu1.17.04.3-b11)
# Java VM: OpenJDK 64-Bit Server VM (25.131-b11 mixed mode linux-amd64 compressed oops)
Heap:
 PSYoungGen      total 105984K, used 6198K [0x00000000f0580000, 0x00000000f7480000, 0x0000000100000000)
  eden space 98304K, 0% used [0x00000000f0580000,0x00000000f0580000,0x00000000f6580000)
  from space 7680K, 80% used [0x00000000f6580000,0x00000000f6b8db68,0x00000000f6d00000)
  to   space 7680K, 0% used [0x00000000f6d00000,0x00000000f6d00000,0x00000000f7480000)
 ParOldGen       total 32768K, used 12515K [0x00000000d1000000, 0x00000000d3000000, 0x00000000f0580000)
  object space 32768K, 38% used [0x00000000d1000000,0x00000000d1c38e48,0x00000000d3000000)
 Metaspace       used 20590K, capacity 21206K, committed 21296K, reserved 1069056K
  class space    used 2428K, capacity 2568K, committed 2608K, reserved 1048576K
GC Heap History (10 events):
Event: 1,135 GC heap after
Heap after GC invocations=2 (full 0):
 PSYoungGen      total 26624K, used 2038K [0x00000000f0580000, 0x00000000f2180000, 0x0000000100000000)
  eden space 24576K, 0% used [0x00000000f0580000,0x00000000f0580000,0x00000000f1d80000)
  from space 2048K, 99% used [0x00000000f1f80000,0x00000000f217dad0,0x00000000f2180000)
  to   space 2048K, 0% used [0x00000000f1d80000,0x00000000f1d80000,0x00000000f1f80000)
 ParOldGen       total 32768K, used 1236K [0x00000000d1000000, 0x00000000d3000000, 0x00000000f0580000)
  object space 32768K, 3% used [0x00000000d1000000,0x00000000d1135170,0x00000000d3000000)
 Metaspace       used 7596K, capacity 7740K, committed 7936K, reserved 1056768K
  class space    used 918K, capacity 984K, committed 1024K, reserved 1048576K
}
Event: 1,487 GC heap before
{Heap before GC invocations=3 (full 0):
 PSYoungGen      total 26624K, used 26614K [0x00000000f0580000, 0x00000000f2180000, 0x0000000100000000)
  eden space 24576K, 100% used [0x00000000f0580000,0x00000000f1d80000,0x00000000f1d80000)
  from space 2048K, 99% used [0x00000000f1f80000,0x00000000f217dad0,0x00000000f2180000)
  to   space 2048K, 0% used [0x00000000f1d80000,0x00000000f1d80000,0x00000000f1f80000)
 ParOldGen       total 32768K, used 1236K [0x00000000d1000000, 0x00000000d3000000, 0x00000000f0580000)
  object space 32768K, 3% used [0x00000000d1000000,0x00000000d1135170,0x00000000d3000000)
 Metaspace       used 9785K, capacity 9940K, committed 9984K, reserved 1058816K
  class space    used 1179K, capacity 1245K, committed 1280K, reserved 1048576K
Event: 1,493 GC heap after
Heap after GC invocations=3 (full 0):
 PSYoungGen      total 26624K, used 2032K [0x00000000f0580000, 0x00000000f3980000, 0x0000000100000000)
  eden space 24576K, 0% used [0x00000000f0580000,0x00000000f0580000,0x00000000f1d80000)
  from space 2048K, 99% used [0x00000000f1d80000,0x00000000f1f7c010,0x00000000f1f80000)
  to   space 2048K, 0% used [0x00000000f3780000,0x00000000f3780000,0x00000000f3980000)
 ParOldGen       total 32768K, used 3779K [0x00000000d1000000, 0x00000000d3000000, 0x00000000f0580000)
  object space 32768K, 11% used [0x00000000d1000000,0x00000000d13b0ed0,0x00000000d3000000)
 Metaspace       used 9785K, capacity 9940K, committed 9984K, reserved 1058816K
  class space    used 1179K, capacity 1245K, committed 1280K, reserved 1048576K
}
Event: 2,052 GC heap before
{Heap before GC invocations=4 (full 0):
 PSYoungGen      total 26624K, used 26608K [0x00000000f0580000, 0x00000000f3980000, 0x0000000100000000)
  eden space 24576K, 100% used [0x00000000f0580000,0x00000000f1d80000,0x00000000f1d80000)
  from space 2048K, 99% used [0x00000000f1d80000,0x00000000f1f7c010,0x00000000f1f80000)
  to   space 2048K, 0% used [0x00000000f3780000,0x00000000f3780000,0x00000000f3980000)
 ParOldGen       total 32768K, used 3779K [0x00000000d1000000, 0x00000000d3000000, 0x00000000f0580000)
  object space 32768K, 11% used [0x00000000d1000000,0x00000000d13b0ed0,0x00000000d3000000)
 Metaspace       used 12576K, capacity 12718K, committed 12928K, reserved 1060864K
  class space    used 1555K, capacity 1637K, committed 1664K, reserved 1048576K
Event: 2,066 GC heap after
Heap after GC invocations=4 (full 0):
 PSYoungGen      total 51200K, used 2032K [0x00000000f0580000, 0x00000000f3980000, 0x0000000100000000)
  eden space 49152K, 0% used [0x00000000f0580000,0x00000000f0580000,0x00000000f3580000)
  from space 2048K, 99% used [0x00000000f3780000,0x00000000f397c030,0x00000000f3980000)
  to   space 2048K, 0% used [0x00000000f3580000,0x00000000f3580000,0x00000000f3780000)
 ParOldGen       total 32768K, used 7440K [0x00000000d1000000, 0x00000000d3000000, 0x00000000f0580000)
  object space 32768K, 22% used [0x00000000d1000000,0x00000000d17440b0,0x00000000d3000000)
 Metaspace       used 12576K, capacity 12718K, committed 12928K, reserved 1060864K
  class space    used 1555K, capacity 1637K, committed 1664K, reserved 1048576K
}
Event: 3,490 GC heap before
{Heap before GC invocations=5 (full 0):
 PSYoungGen      total 51200K, used 51184K [0x00000000f0580000, 0x00000000f3980000, 0x0000000100000000)
  eden space 49152K, 100% used [0x00000000f0580000,0x00000000f3580000,0x00000000f3580000)
  from space 2048K, 99% used [0x00000000f3780000,0x00000000f397c030,0x00000000f3980000)
  to   space 2048K, 0% used [0x00000000f3580000,0x00000000f3580000,0x00000000f3780000)
 ParOldGen       total 32768K, used 7440K [0x00000000d1000000, 0x00000000d3000000, 0x00000000f0580000)
  object space 32768K, 22% used [0x00000000d1000000,0x00000000d17440b0,0x00000000d3000000)
 Metaspace       used 16159K, capacity 16434K, committed 16640K, reserved 1064960K
  class space    used 1927K, capacity 2009K, committed 2048K, reserved 1048576K
Event: 3,507 GC heap after
Heap after GC invocations=5 (full 0):
 PSYoungGen      total 51200K, used 2032K [0x00000000f0580000, 0x00000000f7480000, 0x0000000100000000)
  eden space 49152K, 0% used [0x00000000f0580000,0x00000000f0580000,0x00000000f3580000)
  from space 2048K, 99% used [0x00000000f3580000,0x00000000f377c030,0x00000000f3780000)
  to   space 7680K, 0% used [0x00000000f6d00000,0x00000000f6d00000,0x00000000f7480000)
 ParOldGen       total 32768K, used 12031K [0x00000000d1000000, 0x00000000d3000000, 0x00000000f0580000)
  object space 32768K, 36% used [0x00000000d1000000,0x00000000d1bbfc58,0x00000000d3000000)
 Metaspace       used 16159K, capacity 16434K, committed 16640K, reserved 1064960K
  class space    used 1927K, capacity 2009K, committed 2048K, reserved 1048576K
}
Event: 4,526 GC heap before
{Heap before GC invocations=6 (full 0):
 PSYoungGen      total 51200K, used 51184K [0x00000000f0580000, 0x00000000f7480000, 0x0000000100000000)
  eden space 49152K, 100% used [0x00000000f0580000,0x00000000f3580000,0x00000000f3580000)
  from space 2048K, 99% used [0x00000000f3580000,0x00000000f377c030,0x00000000f3780000)
  to   space 7680K, 0% used [0x00000000f6d00000,0x00000000f6d00000,0x00000000f7480000)
 ParOldGen       total 32768K, used 12031K [0x00000000d1000000, 0x00000000d3000000, 0x00000000f0580000)
  object space 32768K, 36% used [0x00000000d1000000,0x00000000d1bbfc58,0x00000000d3000000)
 Metaspace       used 17454K, capacity 17882K, committed 18048K, reserved 1064960K
  class space    used 2047K, capacity 2165K, committed 2176K, reserved 1048576K
Event: 4,538 GC heap after
Heap after GC invocations=6 (full 0):
 PSYoungGen      total 105984K, used 5369K [0x00000000f0580000, 0x00000000f7480000, 0x0000000100000000)
  eden space 98304K, 0% used [0x00000000f0580000,0x00000000f0580000,0x00000000f6580000)
  from space 7680K, 69% used [0x00000000f6d00000,0x00000000f723e560,0x00000000f7480000)
  to   space 7680K, 0% used [0x00000000f6580000,0x00000000f6580000,0x00000000f6d00000)
 ParOldGen       total 32768K, used 12039K [0x00000000d1000000, 0x00000000d3000000, 0x00000000f0580000)
  object space 32768K, 36% used [0x00000000d1000000,0x00000000d1bc1c58,0x00000000d3000000)
 Metaspace       used 17454K, capacity 17882K, committed 18048K, reserved 1064960K
  class space    used 2047K, capacity 2165K, committed 2176K, reserved 1048576K
}
Event: 5,305 GC heap before
{Heap before GC invocations=7 (full 0):
 PSYoungGen      total 105984K, used 40557K [0x00000000f0580000, 0x00000000f7480000, 0x0000000100000000)
  eden space 98304K, 35% used [0x00000000f0580000,0x00000000f27dd110,0x00000000f6580000)
  from space 7680K, 69% used [0x00000000f6d00000,0x00000000f723e560,0x00000000f7480000)
  to   space 7680K, 0% used [0x00000000f6580000,0x00000000f6580000,0x00000000f6d00000)
 ParOldGen       total 32768K, used 12039K [0x00000000d1000000, 0x00000000d3000000, 0x00000000f0580000)
  object space 32768K, 36% used [0x00000000d1000000,0x00000000d1bc1c58,0x00000000d3000000)
 Metaspace       used 20590K, capacity 21206K, committed 21296K, reserved 1069056K
  class space    used 2428K, capacity 2568K, committed 2608K, reserved 1048576K

