# JRE version: OpenJDK Runtime Environment (8.0_131-b11) (build 1.8.0_131-8u131-b11-2ubuntu1.17.04.3-b11)
# Java VM: OpenJDK 64-Bit Server VM (25.131-b11 mixed mode linux-amd64 compressed oops)
Heap:
 PSYoungGen      total 105984K, used 6407K [0x00000000f0580000, 0x00000000f7480000, 0x0000000100000000)
  eden space 98304K, 0% used [0x00000000f0580000,0x00000000f0580000,0x00000000f6580000)
  from space 7680K, 83% used [0x00000000f6580000,0x00000000f6bc1f88,0x00000000f6d00000)
  to   space 7680K, 0% used [0x00000000f6d00000,0x00000000f6d00000,0x00000000f7480000)
 ParOldGen       total 32768K, used 12652K [0x00000000d1000000, 0x00000000d3000000, 0x00000000f0580000)
  object space 32768K, 38% used [0x00000000d1000000,0x00000000d1c5b210,0x00000000d3000000)
 Metaspace       used 20749K, capacity 21238K, committed 21296K, reserved 1069056K
  class space    used 2480K, capacity 2600K, committed 2608K, reserved 1048576K
GC Heap History (10 events):
Event: 1,355 GC heap after
Heap after GC invocations=2 (full 0):
 PSYoungGen      total 26624K, used 2022K [0x00000000f0580000, 0x00000000f2180000, 0x0000000100000000)
  eden space 24576K, 0% used [0x00000000f0580000,0x00000000f0580000,0x00000000f1d80000)
  from space 2048K, 98% used [0x00000000f1f80000,0x00000000f2179ac0,0x00000000f2180000)
  to   space 2048K, 0% used [0x00000000f1d80000,0x00000000f1d80000,0x00000000f1f80000)
 ParOldGen       total 32768K, used 1333K [0x00000000d1000000, 0x00000000d3000000, 0x00000000f0580000)
  object space 32768K, 4% used [0x00000000d1000000,0x00000000d114d7b8,0x00000000d3000000)
 Metaspace       used 7589K, capacity 7676K, committed 7936K, reserved 1056768K
  class space    used 918K, capacity 984K, committed 1024K, reserved 1048576K
}
Event: 1,804 GC heap before
{Heap before GC invocations=3 (full 0):
 PSYoungGen      total 26624K, used 26598K [0x00000000f0580000, 0x00000000f2180000, 0x0000000100000000)
  eden space 24576K, 100% used [0x00000000f0580000,0x00000000f1d80000,0x00000000f1d80000)
  from space 2048K, 98% used [0x00000000f1f80000,0x00000000f2179ac0,0x00000000f2180000)
  to   space 2048K, 0% used [0x00000000f1d80000,0x00000000f1d80000,0x00000000f1f80000)
 ParOldGen       total 32768K, used 1333K [0x00000000d1000000, 0x00000000d3000000, 0x00000000f0580000)
  object space 32768K, 4% used [0x00000000d1000000,0x00000000d114d7b8,0x00000000d3000000)
 Metaspace       used 9736K, capacity 9940K, committed 9984K, reserved 1058816K
  class space    used 1172K, capacity 1245K, committed 1280K, reserved 1048576K
Event: 1,811 GC heap after
Heap after GC invocations=3 (full 0):
 PSYoungGen      total 26624K, used 2032K [0x00000000f0580000, 0x00000000f3980000, 0x0000000100000000)
  eden space 24576K, 0% used [0x00000000f0580000,0x00000000f0580000,0x00000000f1d80000)
  from space 2048K, 99% used [0x00000000f1d80000,0x00000000f1f7c010,0x00000000f1f80000)
  to   space 2048K, 0% used [0x00000000f3780000,0x00000000f3780000,0x00000000f3980000)
 ParOldGen       total 32768K, used 3820K [0x00000000d1000000, 0x00000000d3000000, 0x00000000f0580000)
  object space 32768K, 11% used [0x00000000d1000000,0x00000000d13bb1a8,0x00000000d3000000)
 Metaspace       used 9736K, capacity 9940K, committed 9984K, reserved 1058816K
  class space    used 1172K, capacity 1245K, committed 1280K, reserved 1048576K
}
Event: 2,395 GC heap before
{Heap before GC invocations=4 (full 0):
 PSYoungGen      total 26624K, used 26608K [0x00000000f0580000, 0x00000000f3980000, 0x0000000100000000)
  eden space 24576K, 100% used [0x00000000f0580000,0x00000000f1d80000,0x00000000f1d80000)
  from space 2048K, 99% used [0x00000000f1d80000,0x00000000f1f7c010,0x00000000f1f80000)
  to   space 2048K, 0% used [0x00000000f3780000,0x00000000f3780000,0x00000000f3980000)
 ParOldGen       total 32768K, used 3820K [0x00000000d1000000, 0x00000000d3000000, 0x00000000f0580000)
  object space 32768K, 11% used [0x00000000d1000000,0x00000000d13bb1a8,0x00000000d3000000)
 Metaspace       used 12534K, capacity 12654K, committed 12928K, reserved 1060864K
  class space    used 1554K, capacity 1637K, committed 1664K, reserved 1048576K
Event: 2,418 GC heap after
Heap after GC invocations=4 (full 0):
 PSYoungGen      total 51200K, used 2048K [0x00000000f0580000, 0x00000000f3980000, 0x0000000100000000)
  eden space 49152K, 0% used [0x00000000f0580000,0x00000000f0580000,0x00000000f3580000)
  from space 2048K, 100% used [0x00000000f3780000,0x00000000f3980000,0x00000000f3980000)
  to   space 2048K, 0% used [0x00000000f3580000,0x00000000f3580000,0x00000000f3780000)
 ParOldGen       total 32768K, used 7528K [0x00000000d1000000, 0x00000000d3000000, 0x00000000f0580000)
  object space 32768K, 22% used [0x00000000d1000000,0x00000000d175a3b8,0x00000000d3000000)
 Metaspace       used 12534K, capacity 12654K, committed 12928K, reserved 1060864K
  class space    used 1554K, capacity 1637K, committed 1664K, reserved 1048576K
}
Event: 3,983 GC heap before
{Heap before GC invocations=5 (full 0):
 PSYoungGen      total 51200K, used 51200K [0x00000000f0580000, 0x00000000f3980000, 0x0000000100000000)
  eden space 49152K, 100% used [0x00000000f0580000,0x00000000f3580000,0x00000000f3580000)
  from space 2048K, 100% used [0x00000000f3780000,0x00000000f3980000,0x00000000f3980000)
  to   space 2048K, 0% used [0x00000000f3580000,0x00000000f3580000,0x00000000f3780000)
 ParOldGen       total 32768K, used 7528K [0x00000000d1000000, 0x00000000d3000000, 0x00000000f0580000)
  object space 32768K, 22% used [0x00000000d1000000,0x00000000d175a3b8,0x00000000d3000000)
 Metaspace       used 16089K, capacity 16370K, committed 16640K, reserved 1064960K
  class space    used 1919K, capacity 2009K, committed 2048K, reserved 1048576K
Event: 4,008 GC heap after
Heap after GC invocations=5 (full 0):
 PSYoungGen      total 51200K, used 2032K [0x00000000f0580000, 0x00000000f7480000, 0x0000000100000000)
  eden space 49152K, 0% used [0x00000000f0580000,0x00000000f0580000,0x00000000f3580000)
  from space 2048K, 99% used [0x00000000f3580000,0x00000000f377c010,0x00000000f3780000)
  to   space 7680K, 0% used [0x00000000f6d00000,0x00000000f6d00000,0x00000000f7480000)
 ParOldGen       total 32768K, used 12172K [0x00000000d1000000, 0x00000000d3000000, 0x00000000f0580000)
  object space 32768K, 37% used [0x00000000d1000000,0x00000000d1be31c0,0x00000000d3000000)
 Metaspace       used 16089K, capacity 16370K, committed 16640K, reserved 1064960K
  class space    used 1919K, capacity 2009K, committed 2048K, reserved 1048576K
}
Event: 5,275 GC heap before
{Heap before GC invocations=6 (full 0):
 PSYoungGen      total 51200K, used 51184K [0x00000000f0580000, 0x00000000f7480000, 0x0000000100000000)
  eden space 49152K, 100% used [0x00000000f0580000,0x00000000f3580000,0x00000000f3580000)
  from space 2048K, 99% used [0x00000000f3580000,0x00000000f377c010,0x00000000f3780000)
  to   space 7680K, 0% used [0x00000000f6d00000,0x00000000f6d00000,0x00000000f7480000)
 ParOldGen       total 32768K, used 12172K [0x00000000d1000000, 0x00000000d3000000, 0x00000000f0580000)
  object space 32768K, 37% used [0x00000000d1000000,0x00000000d1be31c0,0x00000000d3000000)
 Metaspace       used 17327K, capacity 17754K, committed 18048K, reserved 1064960K
  class space    used 2038K, capacity 2165K, committed 2176K, reserved 1048576K
Event: 5,291 GC heap after
Heap after GC invocations=6 (full 0):
 PSYoungGen      total 105984K, used 5416K [0x00000000f0580000, 0x00000000f7480000, 0x0000000100000000)
  eden space 98304K, 0% used [0x00000000f0580000,0x00000000f0580000,0x00000000f6580000)
  from space 7680K, 70% used [0x00000000f6d00000,0x00000000f724a260,0x00000000f7480000)
  to   space 7680K, 0% used [0x00000000f6580000,0x00000000f6580000,0x00000000f6d00000)
 ParOldGen       total 32768K, used 12172K [0x00000000d1000000, 0x00000000d3000000, 0x00000000f0580000)
  object space 32768K, 37% used [0x00000000d1000000,0x00000000d1be31c0,0x00000000d3000000)
 Metaspace       used 17327K, capacity 17754K, committed 18048K, reserved 1064960K
  class space    used 2038K, capacity 2165K, committed 2176K, reserved 1048576K
}
Event: 6,315 GC heap before
{Heap before GC invocations=7 (full 0):
 PSYoungGen      total 105984K, used 42684K [0x00000000f0580000, 0x00000000f7480000, 0x0000000100000000)
  eden space 98304K, 37% used [0x00000000f0580000,0x00000000f29e4f60,0x00000000f6580000)
  from space 7680K, 70% used [0x00000000f6d00000,0x00000000f724a260,0x00000000f7480000)
  to   space 7680K, 0% used [0x00000000f6580000,0x00000000f6580000,0x00000000f6d00000)
 ParOldGen       total 32768K, used 12172K [0x00000000d1000000, 0x00000000d3000000, 0x00000000f0580000)
  object space 32768K, 37% used [0x00000000d1000000,0x00000000d1be31c0,0x00000000d3000000)
 Metaspace       used 20749K, capacity 21238K, committed 21296K, reserved 1069056K
  class space    used 2480K, capacity 2600K, committed 2608K, reserved 1048576K

