# JRE version: OpenJDK Runtime Environment (8.0_131-b11) (build 1.8.0_131-8u131-b11-2ubuntu1.17.04.3-b11)
# Java VM: OpenJDK 64-Bit Server VM (25.131-b11 mixed mode linux-amd64 compressed oops)
Heap:
 PSYoungGen      total 106496K, used 6199K [0x00000000f0580000, 0x00000000f7580000, 0x0000000100000000)
  eden space 98304K, 0% used [0x00000000f0580000,0x00000000f0580000,0x00000000f6580000)
  from space 8192K, 75% used [0x00000000f6580000,0x00000000f6b8dfb0,0x00000000f6d80000)
  to   space 8192K, 0% used [0x00000000f6d80000,0x00000000f6d80000,0x00000000f7580000)
 ParOldGen       total 32768K, used 12698K [0x00000000d1000000, 0x00000000d3000000, 0x00000000f0580000)
  object space 32768K, 38% used [0x00000000d1000000,0x00000000d1c66920,0x00000000d3000000)
 Metaspace       used 20650K, capacity 21202K, committed 21296K, reserved 1069056K
  class space    used 2453K, capacity 2568K, committed 2608K, reserved 1048576K
GC Heap History (10 events):
Event: 1,416 GC heap after
Heap after GC invocations=2 (full 0):
 PSYoungGen      total 26624K, used 2019K [0x00000000f0580000, 0x00000000f2180000, 0x0000000100000000)
  eden space 24576K, 0% used [0x00000000f0580000,0x00000000f0580000,0x00000000f1d80000)
  from space 2048K, 98% used [0x00000000f1f80000,0x00000000f2178e18,0x00000000f2180000)
  to   space 2048K, 0% used [0x00000000f1d80000,0x00000000f1d80000,0x00000000f1f80000)
 ParOldGen       total 32768K, used 1317K [0x00000000d1000000, 0x00000000d3000000, 0x00000000f0580000)
  object space 32768K, 4% used [0x00000000d1000000,0x00000000d11494a0,0x00000000d3000000)
 Metaspace       used 7600K, capacity 7800K, committed 7936K, reserved 1056768K
  class space    used 918K, capacity 984K, committed 1024K, reserved 1048576K
}
Event: 1,832 GC heap before
{Heap before GC invocations=3 (full 0):
 PSYoungGen      total 26624K, used 26595K [0x00000000f0580000, 0x00000000f2180000, 0x0000000100000000)
  eden space 24576K, 100% used [0x00000000f0580000,0x00000000f1d80000,0x00000000f1d80000)
  from space 2048K, 98% used [0x00000000f1f80000,0x00000000f2178e18,0x00000000f2180000)
  to   space 2048K, 0% used [0x00000000f1d80000,0x00000000f1d80000,0x00000000f1f80000)
 ParOldGen       total 32768K, used 1317K [0x00000000d1000000, 0x00000000d3000000, 0x00000000f0580000)
  object space 32768K, 4% used [0x00000000d1000000,0x00000000d11494a0,0x00000000d3000000)
 Metaspace       used 9799K, capacity 9936K, committed 9984K, reserved 1058816K
  class space    used 1179K, capacity 1245K, committed 1280K, reserved 1048576K
Event: 1,840 GC heap after
Heap after GC invocations=3 (full 0):
 PSYoungGen      total 26624K, used 2048K [0x00000000f0580000, 0x00000000f3980000, 0x0000000100000000)
  eden space 24576K, 0% used [0x00000000f0580000,0x00000000f0580000,0x00000000f1d80000)
  from space 2048K, 100% used [0x00000000f1d80000,0x00000000f1f80000,0x00000000f1f80000)
  to   space 2048K, 0% used [0x00000000f3780000,0x00000000f3780000,0x00000000f3980000)
 ParOldGen       total 32768K, used 3866K [0x00000000d1000000, 0x00000000d3000000, 0x00000000f0580000)
  object space 32768K, 11% used [0x00000000d1000000,0x00000000d13c6930,0x00000000d3000000)
 Metaspace       used 9799K, capacity 9936K, committed 9984K, reserved 1058816K
  class space    used 1179K, capacity 1245K, committed 1280K, reserved 1048576K
}
Event: 2,340 GC heap before
{Heap before GC invocations=4 (full 0):
 PSYoungGen      total 26624K, used 26624K [0x00000000f0580000, 0x00000000f3980000, 0x0000000100000000)
  eden space 24576K, 100% used [0x00000000f0580000,0x00000000f1d80000,0x00000000f1d80000)
  from space 2048K, 100% used [0x00000000f1d80000,0x00000000f1f80000,0x00000000f1f80000)
  to   space 2048K, 0% used [0x00000000f3780000,0x00000000f3780000,0x00000000f3980000)
 ParOldGen       total 32768K, used 3866K [0x00000000d1000000, 0x00000000d3000000, 0x00000000f0580000)
  object space 32768K, 11% used [0x00000000d1000000,0x00000000d13c6930,0x00000000d3000000)
 Metaspace       used 12536K, capacity 12714K, committed 12928K, reserved 1060864K
  class space    used 1557K, capacity 1637K, committed 1664K, reserved 1048576K
Event: 2,353 GC heap after
Heap after GC invocations=4 (full 0):
 PSYoungGen      total 51200K, used 2016K [0x00000000f0580000, 0x00000000f3980000, 0x0000000100000000)
  eden space 49152K, 0% used [0x00000000f0580000,0x00000000f0580000,0x00000000f3580000)
  from space 2048K, 98% used [0x00000000f3780000,0x00000000f3978020,0x00000000f3980000)
  to   space 2048K, 0% used [0x00000000f3580000,0x00000000f3580000,0x00000000f3780000)
 ParOldGen       total 32768K, used 7559K [0x00000000d1000000, 0x00000000d3000000, 0x00000000f0580000)
  object space 32768K, 23% used [0x00000000d1000000,0x00000000d1761d48,0x00000000d3000000)
 Metaspace       used 12536K, capacity 12714K, committed 12928K, reserved 1060864K
  class space    used 1557K, capacity 1637K, committed 1664K, reserved 1048576K
}
Event: 3,744 GC heap before
{Heap before GC invocations=5 (full 0):
 PSYoungGen      total 51200K, used 51168K [0x00000000f0580000, 0x00000000f3980000, 0x0000000100000000)
  eden space 49152K, 100% used [0x00000000f0580000,0x00000000f3580000,0x00000000f3580000)
  from space 2048K, 98% used [0x00000000f3780000,0x00000000f3978020,0x00000000f3980000)
  to   space 2048K, 0% used [0x00000000f3580000,0x00000000f3580000,0x00000000f3780000)
 ParOldGen       total 32768K, used 7559K [0x00000000d1000000, 0x00000000d3000000, 0x00000000f0580000)
  object space 32768K, 23% used [0x00000000d1000000,0x00000000d1761d48,0x00000000d3000000)
 Metaspace       used 16148K, capacity 16366K, committed 16640K, reserved 1064960K
  class space    used 1929K, capacity 2009K, committed 2048K, reserved 1048576K
Event: 3,781 GC heap after
Heap after GC invocations=5 (full 0):
 PSYoungGen      total 51200K, used 2032K [0x00000000f0580000, 0x00000000f7580000, 0x0000000100000000)
  eden space 49152K, 0% used [0x00000000f0580000,0x00000000f0580000,0x00000000f3580000)
  from space 2048K, 99% used [0x00000000f3580000,0x00000000f377c010,0x00000000f3780000)
  to   space 8192K, 0% used [0x00000000f6d80000,0x00000000f6d80000,0x00000000f7580000)
 ParOldGen       total 32768K, used 12258K [0x00000000d1000000, 0x00000000d3000000, 0x00000000f0580000)
  object space 32768K, 37% used [0x00000000d1000000,0x00000000d1bf88d0,0x00000000d3000000)
 Metaspace       used 16148K, capacity 16366K, committed 16640K, reserved 1064960K
  class space    used 1929K, capacity 2009K, committed 2048K, reserved 1048576K
}
Event: 4,729 GC heap before
{Heap before GC invocations=6 (full 0):
 PSYoungGen      total 51200K, used 51184K [0x00000000f0580000, 0x00000000f7580000, 0x0000000100000000)
  eden space 49152K, 100% used [0x00000000f0580000,0x00000000f3580000,0x00000000f3580000)
  from space 2048K, 99% used [0x00000000f3580000,0x00000000f377c010,0x00000000f3780000)
  to   space 8192K, 0% used [0x00000000f6d80000,0x00000000f6d80000,0x00000000f7580000)
 ParOldGen       total 32768K, used 12258K [0x00000000d1000000, 0x00000000d3000000, 0x00000000f0580000)
  object space 32768K, 37% used [0x00000000d1000000,0x00000000d1bf88d0,0x00000000d3000000)
 Metaspace       used 17792K, capacity 18230K, committed 18432K, reserved 1064960K
  class space    used 2091K, capacity 2197K, committed 2304K, reserved 1048576K
Event: 4,748 GC heap after
Heap after GC invocations=6 (full 0):
 PSYoungGen      total 106496K, used 5477K [0x00000000f0580000, 0x00000000f7580000, 0x0000000100000000)
  eden space 98304K, 0% used [0x00000000f0580000,0x00000000f0580000,0x00000000f6580000)
  from space 8192K, 66% used [0x00000000f6d80000,0x00000000f72d9460,0x00000000f7580000)
  to   space 8192K, 0% used [0x00000000f6580000,0x00000000f6580000,0x00000000f6d80000)
 ParOldGen       total 32768K, used 12266K [0x00000000d1000000, 0x00000000d3000000, 0x00000000f0580000)
  object space 32768K, 37% used [0x00000000d1000000,0x00000000d1bfa8d0,0x00000000d3000000)
 Metaspace       used 17792K, capacity 18230K, committed 18432K, reserved 1064960K
  class space    used 2091K, capacity 2197K, committed 2304K, reserved 1048576K
}
Event: 5,407 GC heap before
{Heap before GC invocations=7 (full 0):
 PSYoungGen      total 106496K, used 42004K [0x00000000f0580000, 0x00000000f7580000, 0x0000000100000000)
  eden space 98304K, 37% used [0x00000000f0580000,0x00000000f292be38,0x00000000f6580000)
  from space 8192K, 66% used [0x00000000f6d80000,0x00000000f72d9460,0x00000000f7580000)
  to   space 8192K, 0% used [0x00000000f6580000,0x00000000f6580000,0x00000000f6d80000)
 ParOldGen       total 32768K, used 12266K [0x00000000d1000000, 0x00000000d3000000, 0x00000000f0580000)
  object space 32768K, 37% used [0x00000000d1000000,0x00000000d1bfa8d0,0x00000000d3000000)
 Metaspace       used 20650K, capacity 21202K, committed 21296K, reserved 1069056K
  class space    used 2453K, capacity 2568K, committed 2608K, reserved 1048576K

